<?xml version="1.0" encoding="UTF-8"?>
<testng-results ignored="0" total="2" passed="2" failed="0" skipped="0">
  <reporter-output>
  </reporter-output>
  <suite started-at="2025-08-20T17:04:43 IST" name="Default suite" finished-at="2025-08-20T17:04:43 IST" duration-ms="114">
    <groups>
    </groups>
    <test started-at="2025-08-20T17:04:43 IST" name="Default test" finished-at="2025-08-20T17:04:43 IST" duration-ms="114">
      <class name="dataproviders.DataDrivenTest">
        <test-method signature="testLogin(java.lang.String,java.lang.String)[pri:0, instance:dataproviders.DataDrivenTest@1e6a3214]" started-at="2025-08-20T17:04:43 IST" name="testLogin" data-provider="data" finished-at="2025-08-20T17:04:43 IST" duration-ms="17" status="PASS">
          <params>
            <param index="0">
              <value>
                <![CDATA[admin]]>
              </value>
            </param>
            <param index="1">
              <value>
                <![CDATA[admin123]]>
              </value>
            </param>
          </params>
          <reporter-output>
          </reporter-output>
        </test-method> <!-- testLogin -->
        <test-method signature="testLogin(java.lang.String,java.lang.String)[pri:0, instance:dataproviders.DataDrivenTest@1e6a3214]" started-at="2025-08-20T17:04:43 IST" name="testLogin" data-provider="data" finished-at="2025-08-20T17:04:43 IST" duration-ms="2" status="PASS">
          <params>
            <param index="0">
              <value>
                <![CDATA[user]]>
              </value>
            </param>
            <param index="1">
              <value>
                <![CDATA[user123]]>
              </value>
            </param>
          </params>
          <reporter-output>
          </reporter-output>
        </test-method> <!-- testLogin -->
      </class> <!-- dataproviders.DataDrivenTest -->
    </test> <!-- Default test -->
  </suite> <!-- Default suite -->
</testng-results>
