<?xml version="1.0" encoding="UTF-8"?>
<!-- Generated by org.testng.reporters.JUnitXMLReporter -->
<testsuite ignored="0" hostname="NAVEENGOUDA" failures="0" tests="6" name="Default test" time="0.146" errors="0" timestamp="2025-08-20T15:16:38 IST">
  <testcase classname="multithread.MultiThreadTask" name="testMultiThread" time="0.039"/>
  <testcase classname="multithread.MultiThreadTask" name="testMultiThread" time="0.039"/>
  <testcase classname="multithread.MultiThreadTask" name="testMultiThread" time="0.039"/>
  <testcase classname="multithread.MultiThreadTask" name="testMultiThread" time="0.004"/>
  <testcase classname="multithread.MultiThreadTask" name="testMultiThread" time="0.003"/>
  <testcase classname="multithread.MultiThreadTask" name="testMultiThread" time="0.004"/>
</testsuite> <!-- Default test -->
