<?xml version="1.0" encoding="UTF-8"?>
<!-- Generated by org.testng.reporters.JUnitXMLReporter -->
<testsuite ignored="1" hostname="NAVEENGOUDA" failures="0" tests="3" name="Test" time="0.08" errors="0" timestamp="2025-08-20T11:18:32 IST">
  <testcase classname="testngdemo.TestNGDemoGrp" name="test1" time="0.013"/>
  <testcase classname="testngdemo.TestNGDemoGrp" name="test2" time="0.002"/>
  <testcase classname="testngdemo.TestNGDemoGrp" name="test3" time="0.002"/>
  <testcase classname="testngdemo.TestNGDemoGrp" name="test4" time="0.0">
    <ignored/>
  </testcase> <!-- test4 -->
</testsuite> <!-- Test -->
