<?xml version="1.0" encoding="UTF-8"?>
<testng-results ignored="0" total="1" passed="1" failed="0" skipped="0">
  <reporter-output>
  </reporter-output>
  <suite started-at="2025-08-21T09:56:49 IST" name="Default suite" finished-at="2025-08-21T09:57:44 IST" duration-ms="55540">
    <groups>
    </groups>
    <test started-at="2025-08-21T09:56:49 IST" name="Default test" finished-at="2025-08-21T09:57:44 IST" duration-ms="55540">
      <class name="extentreport.ExtentTask">
        <test-method is-config="true" signature="startReport()[pri:0, instance:extentreport.ExtentTask@5149d738]" started-at="2025-08-21T09:56:49 IST" name="startReport" finished-at="2025-08-21T09:57:23 IST" duration-ms="34417" status="PASS">
          <reporter-output>
          </reporter-output>
        </test-method> <!-- startReport -->
        <test-method signature="demoReport()[pri:0, instance:extentreport.ExtentTask@5149d738]" started-at="2025-08-21T09:57:23 IST" name="demoReport" finished-at="2025-08-21T09:57:43 IST" duration-ms="20262" status="PASS">
          <reporter-output>
          </reporter-output>
        </test-method> <!-- demoReport -->
        <test-method is-config="true" signature="endReport()[pri:0, instance:extentreport.ExtentTask@5149d738]" started-at="2025-08-21T09:57:43 IST" name="endReport" finished-at="2025-08-21T09:57:44 IST" duration-ms="788" status="PASS">
          <reporter-output>
          </reporter-output>
        </test-method> <!-- endReport -->
      </class> <!-- extentreport.ExtentTask -->
    </test> <!-- Default test -->
  </suite> <!-- Default suite -->
</testng-results>
