<?xml version="1.0" encoding="UTF-8"?>
<testng-results ignored="0" total="2" passed="2" failed="0" skipped="0">
  <reporter-output>
  </reporter-output>
  <suite started-at="2025-08-20T16:28:07 IST" name="CrossBrowserSuit" finished-at="2025-08-20T16:28:28 IST" duration-ms="21341">
    <groups>
    </groups>
    <test started-at="2025-08-20T16:28:07 IST" name="chromeTest" finished-at="2025-08-20T16:28:15 IST" duration-ms="8273">
      <class name="crossbrowser.CrossBrowserTest">
        <test-method is-config="true" signature="setup(java.lang.String)[pri:0, instance:crossbrowser.CrossBrowserTest@17f62e33]" started-at="2025-08-20T16:28:07 IST" name="setup" finished-at="2025-08-20T16:28:11 IST" duration-ms="4884" status="PASS">
          <params>
            <param index="0">
              <value>
                <![CDATA[chrome]]>
              </value>
            </param>
          </params>
          <reporter-output>
          </reporter-output>
        </test-method> <!-- setup -->
        <test-method signature="openGoogle()[pri:0, instance:crossbrowser.CrossBrowserTest@17f62e33]" started-at="2025-08-20T16:28:12 IST" name="openGoogle" finished-at="2025-08-20T16:28:15 IST" duration-ms="3314" status="PASS">
          <reporter-output>
          </reporter-output>
        </test-method> <!-- openGoogle -->
      </class> <!-- crossbrowser.CrossBrowserTest -->
    </test> <!-- chromeTest -->
    <test started-at="2025-08-20T16:28:15 IST" name="FirefoxTest" finished-at="2025-08-20T16:28:28 IST" duration-ms="12898">
      <class name="crossbrowser.CrossBrowserTest">
        <test-method is-config="true" signature="setup(java.lang.String)[pri:0, instance:crossbrowser.CrossBrowserTest@6caf0677]" started-at="2025-08-20T16:28:15 IST" name="setup" finished-at="2025-08-20T16:28:21 IST" duration-ms="6263" status="PASS">
          <params>
            <param index="0">
              <value>
                <![CDATA[firefox]]>
              </value>
            </param>
          </params>
          <reporter-output>
          </reporter-output>
        </test-method> <!-- setup -->
        <test-method signature="openGoogle()[pri:0, instance:crossbrowser.CrossBrowserTest@6caf0677]" started-at="2025-08-20T16:28:21 IST" name="openGoogle" finished-at="2025-08-20T16:28:28 IST" duration-ms="6630" status="PASS">
          <reporter-output>
          </reporter-output>
        </test-method> <!-- openGoogle -->
      </class> <!-- crossbrowser.CrossBrowserTest -->
    </test> <!-- FirefoxTest -->
  </suite> <!-- CrossBrowserSuit -->
</testng-results>
