<?xml version="1.0" encoding="UTF-8"?>
<testng-results ignored="0" total="1" passed="1" failed="0" skipped="0">
  <reporter-output>
  </reporter-output>
  <suite started-at="2025-08-20T15:43:42 IST" name="Default suite" finished-at="2025-08-20T15:43:45 IST" duration-ms="2593">
    <groups>
    </groups>
    <test started-at="2025-08-20T15:43:42 IST" name="Default test" finished-at="2025-08-20T15:43:45 IST" duration-ms="2593">
      <class name="assertion.AssertionTest">
        <test-method signature="testTitle()[pri:0, instance:assertion.AssertionTest@69c79f09]" started-at="2025-08-20T15:43:42 IST" name="testTitle" finished-at="2025-08-20T15:43:45 IST" duration-ms="2541" status="PASS">
          <reporter-output>
          </reporter-output>
        </test-method> <!-- testTitle -->
      </class> <!-- assertion.AssertionTest -->
    </test> <!-- Default test -->
  </suite> <!-- Default suite -->
</testng-results>
