<?xml version="1.0" encoding="UTF-8"?>
<!-- Generated by org.testng.reporters.JUnitXMLReporter -->
<testsuite ignored="0" hostname="NAVEENGOUDA" failures="0" tests="4" name="Default test" time="0.137" errors="0" timestamp="2025-08-20T11:29:39 IST">
  <testcase classname="testngdemo.TestNGDemoGrp" name="test1" time="0.027"/>
  <testcase classname="testngdemo.TestNGDemoGrp" name="test2" time="0.004"/>
  <testcase classname="testngdemo.TestNGDemoGrp" name="test3" time="0.003"/>
  <testcase classname="testngdemo.TestNGDemoGrp" name="test4" time="0.002"/>
</testsuite> <!-- Default test -->
