<?xml version="1.0" encoding="UTF-8"?>
<testng-results ignored="0" total="2" passed="2" failed="0" skipped="0">
  <reporter-output>
  </reporter-output>
  <suite started-at="2025-08-20T15:06:53 IST" name="Default suite" finished-at="2025-08-20T15:06:53 IST" duration-ms="81">
    <groups>
    </groups>
    <test started-at="2025-08-20T15:06:53 IST" name="Default test" finished-at="2025-08-20T15:06:53 IST" duration-ms="81">
      <class name="dependencytest.DependencyTestDemo">
        <test-method signature="startApp()[pri:0, instance:dependencytest.DependencyTestDemo@65c7a252]" started-at="2025-08-20T15:06:53 IST" name="startApp" finished-at="2025-08-20T15:06:53 IST" duration-ms="13" status="PASS">
          <reporter-output>
          </reporter-output>
        </test-method> <!-- startApp -->
        <test-method signature="login()[pri:0, instance:dependencytest.DependencyTestDemo@65c7a252]" started-at="2025-08-20T15:06:53 IST" name="login" finished-at="2025-08-20T15:06:53 IST" depends-on-methods="dependencytest.DependencyTestDemo.startApp" duration-ms="2" status="PASS">
          <reporter-output>
          </reporter-output>
        </test-method> <!-- login -->
      </class> <!-- dependencytest.DependencyTestDemo -->
    </test> <!-- Default test -->
  </suite> <!-- Default suite -->
</testng-results>
