<?xml version="1.0" encoding="UTF-8"?>
<testng-results ignored="0" total="2" passed="2" failed="0" skipped="0">
  <reporter-output>
  </reporter-output>
  <suite started-at="2025-08-20T12:06:25 IST" name="Default suite" finished-at="2025-08-20T12:07:25 IST" duration-ms="60289">
    <groups>
    </groups>
    <test started-at="2025-08-20T12:06:25 IST" name="Default test" finished-at="2025-08-20T12:07:25 IST" duration-ms="60289">
      <class name="parlleltest.ParallelTest">
        <test-method signature="testChrome()[pri:1, instance:parlleltest.ParallelTest@1e0b4072]" started-at="2025-08-20T12:06:25 IST" name="testChrome" finished-at="2025-08-20T12:07:12 IST" duration-ms="47318" status="PASS">
          <reporter-output>
          </reporter-output>
        </test-method> <!-- testChrome -->
        <test-method signature="testfirefox()[pri:2, instance:parlleltest.ParallelTest@1e0b4072]" started-at="2025-08-20T12:07:12 IST" name="testfirefox" finished-at="2025-08-20T12:07:25 IST" duration-ms="12912" status="PASS">
          <reporter-output>
          </reporter-output>
        </test-method> <!-- testfirefox -->
      </class> <!-- parlleltest.ParallelTest -->
    </test> <!-- Default test -->
  </suite> <!-- Default suite -->
</testng-results>
