<?xml version="1.0" encoding="UTF-8"?>
<testng-results ignored="0" total="1" passed="1" failed="0" skipped="0">
  <reporter-output>
  </reporter-output>
  <suite started-at="2025-08-20T14:55:14 IST" name="Suite" finished-at="2025-08-20T14:55:21 IST" duration-ms="7212">
    <groups>
    </groups>
    <test started-at="2025-08-20T14:55:14 IST" name="ParamTest" finished-at="2025-08-20T14:55:21 IST" duration-ms="7212">
      <class name="parametertest.ParameterTest">
        <test-method signature="openSite(java.lang.String,java.lang.String)[pri:0, instance:parametertest.ParameterTest@6fdbe764]" started-at="2025-08-20T14:55:14 IST" name="openSite" finished-at="2025-08-20T14:55:21 IST" duration-ms="7140" status="PASS">
          <params>
            <param index="0">
              <value>
                <![CDATA[https://google.com]]>
              </value>
            </param>
            <param index="1">
              <value>
                <![CDATA[chrome]]>
              </value>
            </param>
          </params>
          <reporter-output>
          </reporter-output>
        </test-method> <!-- openSite -->
      </class> <!-- parametertest.ParameterTest -->
    </test> <!-- ParamTest -->
  </suite> <!-- Suite -->
</testng-results>
