<?xml version="1.0" encoding="UTF-8"?>
<testng-results ignored="0" total="4" passed="4" failed="0" skipped="0">
  <reporter-output>
  </reporter-output>
  <suite started-at="2025-08-20T11:29:39 IST" name="Default suite" finished-at="2025-08-20T11:29:39 IST" duration-ms="137">
    <groups>
      <group name="regression">
        <method signature="TestNGDemoGrp.test3()[pri:0, instance:testngdemo.TestNGDemoGrp@196a42c3]" name="test3" class="testngdemo.TestNGDemoGrp"/>
        <method signature="TestNGDemoGrp.test4()[pri:0, instance:testngdemo.TestNGDemoGrp@196a42c3]" name="test4" class="testngdemo.TestNGDemoGrp"/>
      </group> <!-- regression -->
      <group name="smoke">
        <method signature="TestNGDemoGrp.test1()[pri:0, instance:testngdemo.TestNGDemoGrp@196a42c3]" name="test1" class="testngdemo.TestNGDemoGrp"/>
        <method signature="TestNGDemoGrp.test4()[pri:0, instance:testngdemo.TestNGDemoGrp@196a42c3]" name="test4" class="testngdemo.TestNGDemoGrp"/>
      </group> <!-- smoke -->
      <group name="sanity">
        <method signature="TestNGDemoGrp.test2()[pri:0, instance:testngdemo.TestNGDemoGrp@196a42c3]" name="test2" class="testngdemo.TestNGDemoGrp"/>
      </group> <!-- sanity -->
    </groups>
    <test started-at="2025-08-20T11:29:39 IST" name="Default test" finished-at="2025-08-20T11:29:39 IST" duration-ms="137">
      <class name="testngdemo.TestNGDemoGrp">
        <test-method signature="test1()[pri:0, instance:testngdemo.TestNGDemoGrp@196a42c3]" started-at="2025-08-20T11:29:39 IST" name="test1" finished-at="2025-08-20T11:29:39 IST" duration-ms="27" status="PASS">
          <reporter-output>
          </reporter-output>
        </test-method> <!-- test1 -->
        <test-method signature="test2()[pri:0, instance:testngdemo.TestNGDemoGrp@196a42c3]" started-at="2025-08-20T11:29:39 IST" name="test2" finished-at="2025-08-20T11:29:39 IST" duration-ms="4" status="PASS">
          <reporter-output>
          </reporter-output>
        </test-method> <!-- test2 -->
        <test-method signature="test3()[pri:0, instance:testngdemo.TestNGDemoGrp@196a42c3]" started-at="2025-08-20T11:29:39 IST" name="test3" finished-at="2025-08-20T11:29:39 IST" duration-ms="3" status="PASS">
          <reporter-output>
          </reporter-output>
        </test-method> <!-- test3 -->
        <test-method signature="test4()[pri:0, instance:testngdemo.TestNGDemoGrp@196a42c3]" started-at="2025-08-20T11:29:39 IST" name="test4" finished-at="2025-08-20T11:29:39 IST" duration-ms="2" status="PASS">
          <reporter-output>
          </reporter-output>
        </test-method> <!-- test4 -->
      </class> <!-- testngdemo.TestNGDemoGrp -->
    </test> <!-- Default test -->
  </suite> <!-- Default suite -->
</testng-results>
