<?xml version="1.0" encoding="UTF-8"?>
<!-- Generated by org.testng.reporters.JUnitXMLReporter -->
<testsuite ignored="0" hostname="NAVEENGOUDA" failures="0" tests="4" name="Regression" time="0.117" errors="0" timestamp="2025-08-20T16:46:32 IST">
  <testcase classname="testsuites.LoginTest" name="loginwithinvalid" time="0.02"/>
  <testcase classname="testsuites.LoginTest" name="loginwithvalid" time="0.002"/>
  <testcase classname="testsuites.HomeTest" name="verifyProfile" time="0.002"/>
  <testcase classname="testsuites.HomeTest" name="verifyTitle" time="0.001"/>
</testsuite> <!-- Regression -->
